# JRE version: Java(TM) SE Runtime Environment (8.0_202-b08) (build 1.8.0_202-b08)
# Java VM: Java HotSpot(TM) 64-Bit Server VM (25.202-b08 mixed mode windows-amd64 compressed oops)
Heap:
 PSYoungGen      total 881664K, used 292172K [0x0000000780000000, 0x00000007c0000000, 0x00000007c0000000)
  eden space 714752K, 30% used [0x0000000780000000,0x000000078d1a7c88,0x00000007aba00000)
  from space 166912K, 46% used [0x00000007aba00000,0x00000007b05ab6d0,0x00000007b5d00000)
  to   space 160256K, 0% used [0x00000007b6380000,0x00000007b6380000,0x00000007c0000000)
 ParOldGen       total 724992K, used 350314K [0x0000000700000000, 0x000000072c400000, 0x0000000780000000)
  object space 724992K, 48% used [0x0000000700000000,0x000000071561a860,0x000000072c400000)
 Metaspace       used 62863K, capacity 64018K, committed 64216K, reserved 1105920K
  class space    used 8276K, capacity 8630K, committed 8704K, reserved 1048576K
GC Heap History (10 events):
Event: 118.602 GC heap before
{Heap before GC invocations=39 (full 4):
 PSYoungGen      total 872448K, used 801295K [0x0000000780000000, 0x00000007c0000000, 0x00000007c0000000)
  eden space 754688K, 100% used [0x0000000780000000,0x00000007ae100000,0x00000007ae100000)
  from space 117760K, 39% used [0x00000007b8d00000,0x00000007bba83db0,0x00000007c0000000)
  to   space 146944K, 0% used [0x00000007ae100000,0x00000007ae100000,0x00000007b7080000)
 ParOldGen       total 724992K, used 343733K [0x0000000700000000, 0x000000072c400000, 0x0000000780000000)
  object space 724992K, 47% used [0x0000000700000000,0x0000000714fad6c0,0x000000072c400000)
 Metaspace       used 60205K, capacity 61202K, committed 61400K, reserved 1101824K
  class space    used 7905K, capacity 8187K, committed 8192K, reserved 1048576K
Event: 118.630 GC heap after
Heap after GC invocations=39 (full 4):
 PSYoungGen      total 901632K, used 60779K [0x0000000780000000, 0x00000007c0000000, 0x00000007c0000000)
  eden space 754688K, 0% used [0x0000000780000000,0x0000000780000000,0x00000007ae100000)
  from space 146944K, 41% used [0x00000007ae100000,0x00000007b1c5ad18,0x00000007b7080000)
  to   space 140288K, 0% used [0x00000007b7700000,0x00000007b7700000,0x00000007c0000000)
 ParOldGen       total 724992K, used 343741K [0x0000000700000000, 0x000000072c400000, 0x0000000780000000)
  object space 724992K, 47% used [0x0000000700000000,0x0000000714faf6c0,0x000000072c400000)
 Metaspace       used 60205K, capacity 61202K, committed 61400K, reserved 1101824K
  class space    used 7905K, capacity 8187K, committed 8192K, reserved 1048576K
}
Event: 122.601 GC heap before
{Heap before GC invocations=40 (full 4):
 PSYoungGen      total 901632K, used 815467K [0x0000000780000000, 0x00000007c0000000, 0x00000007c0000000)
  eden space 754688K, 100% used [0x0000000780000000,0x00000007ae100000,0x00000007ae100000)
  from space 146944K, 41% used [0x00000007ae100000,0x00000007b1c5ad18,0x00000007b7080000)
  to   space 140288K, 0% used [0x00000007b7700000,0x00000007b7700000,0x00000007c0000000)
 ParOldGen       total 724992K, used 343741K [0x0000000700000000, 0x000000072c400000, 0x0000000780000000)
  object space 724992K, 47% used [0x0000000700000000,0x0000000714faf6c0,0x000000072c400000)
 Metaspace       used 60339K, capacity 61330K, committed 61400K, reserved 1101824K
  class space    used 7911K, capacity 8187K, committed 8192K, reserved 1048576K
Event: 122.646 GC heap after
Heap after GC invocations=40 (full 4):
 PSYoungGen      total 893952K, used 76279K [0x0000000780000000, 0x00000007bf880000, 0x00000007c0000000)
  eden space 761344K, 0% used [0x0000000780000000,0x0000000780000000,0x00000007ae780000)
  from space 132608K, 57% used [0x00000007b7700000,0x00000007bc17dcd0,0x00000007bf880000)
  to   space 139776K, 0% used [0x00000007ae780000,0x00000007ae780000,0x00000007b7000000)
 ParOldGen       total 724992K, used 343749K [0x0000000700000000, 0x000000072c400000, 0x0000000780000000)
  object space 724992K, 47% used [0x0000000700000000,0x0000000714fb16c0,0x000000072c400000)
 Metaspace       used 60339K, capacity 61330K, committed 61400K, reserved 1101824K
  class space    used 7911K, capacity 8187K, committed 8192K, reserved 1048576K
}
Event: 131.531 GC heap before
{Heap before GC invocations=41 (full 4):
 PSYoungGen      total 893952K, used 837623K [0x0000000780000000, 0x00000007bf880000, 0x00000007c0000000)
  eden space 761344K, 100% used [0x0000000780000000,0x00000007ae780000,0x00000007ae780000)
  from space 132608K, 57% used [0x00000007b7700000,0x00000007bc17dcd0,0x00000007bf880000)
  to   space 139776K, 0% used [0x00000007ae780000,0x00000007ae780000,0x00000007b7000000)
 ParOldGen       total 724992K, used 343749K [0x0000000700000000, 0x000000072c400000, 0x0000000780000000)
  object space 724992K, 47% used [0x0000000700000000,0x0000000714fb16c0,0x000000072c400000)
 Metaspace       used 60419K, capacity 61336K, committed 61400K, reserved 1101824K
  class space    used 7919K, capacity 8188K, committed 8192K, reserved 1048576K
Event: 131.577 GC heap after
Heap after GC invocations=41 (full 4):
 PSYoungGen      total 901120K, used 86203K [0x0000000780000000, 0x00000007c0000000, 0x00000007c0000000)
  eden space 761344K, 0% used [0x0000000780000000,0x0000000780000000,0x00000007ae780000)
  from space 139776K, 61% used [0x00000007ae780000,0x00000007b3baed78,0x00000007b7000000)
  to   space 142336K, 0% used [0x00000007b7500000,0x00000007b7500000,0x00000007c0000000)
 ParOldGen       total 724992K, used 343757K [0x0000000700000000, 0x000000072c400000, 0x0000000780000000)
  object space 724992K, 47% used [0x0000000700000000,0x0000000714fb36c0,0x000000072c400000)
 Metaspace       used 60419K, capacity 61336K, committed 61400K, reserved 1101824K
  class space    used 7919K, capacity 8188K, committed 8192K, reserved 1048576K
}
Event: 131.948 GC heap before
{Heap before GC invocations=42 (full 4):
 PSYoungGen      total 901120K, used 845569K [0x0000000780000000, 0x00000007c0000000, 0x00000007c0000000)
  eden space 761344K, 99% used [0x0000000780000000,0x00000007ae5919e0,0x00000007ae780000)
  from space 139776K, 61% used [0x00000007ae780000,0x00000007b3baed78,0x00000007b7000000)
  to   space 142336K, 0% used [0x00000007b7500000,0x00000007b7500000,0x00000007c0000000)
 ParOldGen       total 724992K, used 343757K [0x0000000700000000, 0x000000072c400000, 0x0000000780000000)
  object space 724992K, 47% used [0x0000000700000000,0x0000000714fb36c0,0x000000072c400000)
 Metaspace       used 60420K, capacity 61336K, committed 61400K, reserved 1101824K
  class space    used 7919K, capacity 8188K, committed 8192K, reserved 1048576K
Event: 131.996 GC heap after
Heap after GC invocations=42 (full 4):
 PSYoungGen      total 857088K, used 142326K [0x0000000780000000, 0x00000007c0000000, 0x00000007c0000000)
  eden space 714752K, 0% used [0x0000000780000000,0x0000000780000000,0x00000007aba00000)
  from space 142336K, 99% used [0x00000007b7500000,0x00000007bfffd930,0x00000007c0000000)
  to   space 166912K, 0% used [0x00000007aba00000,0x00000007aba00000,0x00000007b5d00000)
 ParOldGen       total 724992K, used 350314K [0x0000000700000000, 0x000000072c400000, 0x0000000780000000)
  object space 724992K, 48% used [0x0000000700000000,0x000000071561a860,0x000000072c400000)
 Metaspace       used 60420K, capacity 61336K, committed 61400K, reserved 1101824K
  class space    used 7919K, capacity 8188K, committed 8192K, reserved 1048576K
}
Event: 132.538 GC heap before
{Heap before GC invocations=43 (full 4):
 PSYoungGen      total 857088K, used 857078K [0x0000000780000000, 0x00000007c0000000, 0x00000007c0000000)
  eden space 714752K, 100% used [0x0000000780000000,0x00000007aba00000,0x00000007aba00000)
  from space 142336K, 99% used [0x00000007b7500000,0x00000007bfffd930,0x00000007c0000000)
  to   space 166912K, 0% used [0x00000007aba00000,0x00000007aba00000,0x00000007b5d00000)
 ParOldGen       total 724992K, used 350314K [0x0000000700000000, 0x000000072c400000, 0x0000000780000000)
  object space 724992K, 48% used [0x0000000700000000,0x000000071561a860,0x000000072c400000)
 Metaspace       used 60447K, capacity 61354K, committed 61400K, reserved 1101824K
  class space    used 7921K, capacity 8190K, committed 8192K, reserved 1048576K
Event: 132.575 GC heap after
Heap after GC invocations=43 (full 4):
 PSYoungGen      total 881664K, used 77485K [0x0000000780000000, 0x00000007c0000000, 0x00000007c0000000)
  eden space 714752K, 0% used [0x0000000780000000,0x0000000780000000,0x00000007aba00000)
  from space 166912K, 46% used [0x00000007aba00000,0x00000007b05ab6d0,0x00000007b5d00000)
  to   space 160256K, 0% used [0x00000007b6380000,0x00000007b6380000,0x00000007c0000000)
 ParOldGen       total 724992K, used 350314K [0x0000000700000000, 0x000000072c400000, 0x0000000780000000)
  object space 724992K, 48% used [0x0000000700000000,0x000000071561a860,0x000000072c400000)
 Metaspace       used 60447K, capacity 61354K, committed 61400K, reserved 1101824K
  class space    used 7921K, capacity 8190K, committed 8192K, reserved 1048576K
}

