# JRE version: Java(TM) SE Runtime Environment (8.0_202-b08) (build 1.8.0_202-b08)
# Java VM: Java HotSpot(TM) 64-Bit Server VM (25.202-b08 mixed mode windows-amd64 compressed oops)
Heap:
 PSYoungGen      total 455168K, used 447572K [0x000000076af00000, 0x000000078ba00000, 0x00000007c0000000)
  eden space 400384K, 98% used [0x000000076af00000,0x0000000782fd7fa0,0x0000000783600000)
  from space 54784K, 97% used [0x0000000787380000,0x000000078a7bd128,0x000000078a900000)
  to   space 62976K, 0% used [0x0000000783600000,0x0000000783600000,0x0000000787380000)
 ParOldGen       total 235008K, used 144154K [0x00000006c0c00000, 0x00000006cf180000, 0x000000076af00000)
  object space 235008K, 61% used [0x00000006c0c00000,0x00000006c98c6b88,0x00000006cf180000)
 Metaspace       used 58994K, capacity 59883K, committed 60248K, reserved 1101824K
  class space    used 7489K, capacity 7726K, committed 7808K, reserved 1048576K
GC Heap History (10 events):
Event: 44.723 GC heap before
{Heap before GC invocations=31 (full 5):
 PSYoungGen      total 413184K, used 32K [0x000000076af00000, 0x0000000787780000, 0x00000007c0000000)
  eden space 360448K, 0% used [0x000000076af00000,0x000000076af00000,0x0000000780f00000)
  from space 52736K, 0% used [0x0000000784300000,0x0000000784308000,0x0000000787680000)
  to   space 53248K, 0% used [0x0000000780f00000,0x0000000780f00000,0x0000000784300000)
 ParOldGen       total 235008K, used 144122K [0x00000006c0c00000, 0x00000006cf180000, 0x000000076af00000)
  object space 235008K, 61% used [0x00000006c0c00000,0x00000006c98beb88,0x00000006cf180000)
 Metaspace       used 50504K, capacity 51171K, committed 51544K, reserved 1093632K
  class space    used 6483K, capacity 6688K, committed 6784K, reserved 1048576K
Event: 44.801 GC heap after
Heap after GC invocations=31 (full 5):
 PSYoungGen      total 413184K, used 0K [0x000000076af00000, 0x0000000787780000, 0x00000007c0000000)
  eden space 360448K, 0% used [0x000000076af00000,0x000000076af00000,0x0000000780f00000)
  from space 52736K, 0% used [0x0000000784300000,0x0000000784300000,0x0000000787680000)
  to   space 53248K, 0% used [0x0000000780f00000,0x0000000780f00000,0x0000000784300000)
 ParOldGen       total 235008K, used 144122K [0x00000006c0c00000, 0x00000006cf180000, 0x000000076af00000)
  object space 235008K, 61% used [0x00000006c0c00000,0x00000006c98beb88,0x00000006cf180000)
 Metaspace       used 50504K, capacity 51171K, committed 51544K, reserved 1093632K
  class space    used 6483K, capacity 6688K, committed 6784K, reserved 1048576K
}
Event: 48.022 GC heap before
{Heap before GC invocations=32 (full 5):
 PSYoungGen      total 413184K, used 360448K [0x000000076af00000, 0x0000000787780000, 0x00000007c0000000)
  eden space 360448K, 100% used [0x000000076af00000,0x0000000780f00000,0x0000000780f00000)
  from space 52736K, 0% used [0x0000000784300000,0x0000000784300000,0x0000000787680000)
  to   space 53248K, 0% used [0x0000000780f00000,0x0000000780f00000,0x0000000784300000)
 ParOldGen       total 235008K, used 144122K [0x00000006c0c00000, 0x00000006cf180000, 0x000000076af00000)
  object space 235008K, 61% used [0x00000006c0c00000,0x00000006c98beb88,0x00000006cf180000)
 Metaspace       used 54504K, capacity 55375K, committed 55640K, reserved 1097728K
  class space    used 6970K, capacity 7194K, committed 7296K, reserved 1048576K
Event: 48.040 GC heap after
Heap after GC invocations=32 (full 5):
 PSYoungGen      total 413696K, used 25729K [0x000000076af00000, 0x0000000789800000, 0x00000007c0000000)
  eden space 360448K, 0% used [0x000000076af00000,0x000000076af00000,0x0000000780f00000)
  from space 53248K, 48% used [0x0000000780f00000,0x0000000782820648,0x0000000784300000)
  to   space 52224K, 0% used [0x0000000786500000,0x0000000786500000,0x0000000789800000)
 ParOldGen       total 235008K, used 144130K [0x00000006c0c00000, 0x00000006cf180000, 0x000000076af00000)
  object space 235008K, 61% used [0x00000006c0c00000,0x00000006c98c0b88,0x00000006cf180000)
 Metaspace       used 54504K, capacity 55375K, committed 55640K, reserved 1097728K
  class space    used 6970K, capacity 7194K, committed 7296K, reserved 1048576K
}
Event: 50.923 GC heap before
{Heap before GC invocations=33 (full 5):
 PSYoungGen      total 413696K, used 386177K [0x000000076af00000, 0x0000000789800000, 0x00000007c0000000)
  eden space 360448K, 100% used [0x000000076af00000,0x0000000780f00000,0x0000000780f00000)
  from space 53248K, 48% used [0x0000000780f00000,0x0000000782820648,0x0000000784300000)
  to   space 52224K, 0% used [0x0000000786500000,0x0000000786500000,0x0000000789800000)
 ParOldGen       total 235008K, used 144130K [0x00000006c0c00000, 0x00000006cf180000, 0x000000076af00000)
  object space 235008K, 61% used [0x00000006c0c00000,0x00000006c98c0b88,0x00000006cf180000)
 Metaspace       used 54855K, capacity 55727K, committed 56152K, reserved 1097728K
  class space    used 6998K, capacity 7226K, committed 7296K, reserved 1048576K
Event: 50.939 GC heap after
Heap after GC invocations=33 (full 5):
 PSYoungGen      total 423936K, used 26021K [0x000000076af00000, 0x0000000788b00000, 0x00000007c0000000)
  eden space 385024K, 0% used [0x000000076af00000,0x000000076af00000,0x0000000782700000)
  from space 38912K, 66% used [0x0000000786500000,0x0000000787e69690,0x0000000788b00000)
  to   space 51200K, 0% used [0x0000000782700000,0x0000000782700000,0x0000000785900000)
 ParOldGen       total 235008K, used 144138K [0x00000006c0c00000, 0x00000006cf180000, 0x000000076af00000)
  object space 235008K, 61% used [0x00000006c0c00000,0x00000006c98c2b88,0x00000006cf180000)
 Metaspace       used 54855K, capacity 55727K, committed 56152K, reserved 1097728K
  class space    used 6998K, capacity 7226K, committed 7296K, reserved 1048576K
}
Event: 53.434 GC heap before
{Heap before GC invocations=34 (full 5):
 PSYoungGen      total 423936K, used 411045K [0x000000076af00000, 0x0000000788b00000, 0x00000007c0000000)
  eden space 385024K, 100% used [0x000000076af00000,0x0000000782700000,0x0000000782700000)
  from space 38912K, 66% used [0x0000000786500000,0x0000000787e69690,0x0000000788b00000)
  to   space 51200K, 0% used [0x0000000782700000,0x0000000782700000,0x0000000785900000)
 ParOldGen       total 235008K, used 144138K [0x00000006c0c00000, 0x00000006cf180000, 0x000000076af00000)
  object space 235008K, 61% used [0x00000006c0c00000,0x00000006c98c2b88,0x00000006cf180000)
 Metaspace       used 54926K, capacity 55803K, committed 56152K, reserved 1097728K
  class space    used 6999K, capacity 7228K, committed 7296K, reserved 1048576K
Event: 53.445 GC heap after
Heap after GC invocations=34 (full 5):
 PSYoungGen      total 436224K, used 38792K [0x000000076af00000, 0x000000078a900000, 0x00000007c0000000)
  eden space 385024K, 0% used [0x000000076af00000,0x000000076af00000,0x0000000782700000)
  from space 51200K, 75% used [0x0000000782700000,0x0000000784ce2108,0x0000000785900000)
  to   space 54784K, 0% used [0x0000000787380000,0x0000000787380000,0x000000078a900000)
 ParOldGen       total 235008K, used 144146K [0x00000006c0c00000, 0x00000006cf180000, 0x000000076af00000)
  object space 235008K, 61% used [0x00000006c0c00000,0x00000006c98c4b88,0x00000006cf180000)
 Metaspace       used 54926K, capacity 55803K, committed 56152K, reserved 1097728K
  class space    used 6999K, capacity 7228K, committed 7296K, reserved 1048576K
}
Event: 55.485 GC heap before
{Heap before GC invocations=35 (full 5):
 PSYoungGen      total 436224K, used 423816K [0x000000076af00000, 0x000000078a900000, 0x00000007c0000000)
  eden space 385024K, 100% used [0x000000076af00000,0x0000000782700000,0x0000000782700000)
  from space 51200K, 75% used [0x0000000782700000,0x0000000784ce2108,0x0000000785900000)
  to   space 54784K, 0% used [0x0000000787380000,0x0000000787380000,0x000000078a900000)
 ParOldGen       total 235008K, used 144146K [0x00000006c0c00000, 0x00000006cf180000, 0x000000076af00000)
  object space 235008K, 61% used [0x00000006c0c00000,0x00000006c98c4b88,0x00000006cf180000)
 Metaspace       used 54961K, capacity 55867K, committed 56152K, reserved 1097728K
  class space    used 6999K, capacity 7228K, committed 7296K, reserved 1048576K
Event: 55.504 GC heap after
Heap after GC invocations=35 (full 5):
 PSYoungGen      total 455168K, used 53492K [0x000000076af00000, 0x000000078ba00000, 0x00000007c0000000)
  eden space 400384K, 0% used [0x000000076af00000,0x000000076af00000,0x0000000783600000)
  from space 54784K, 97% used [0x0000000787380000,0x000000078a7bd128,0x000000078a900000)
  to   space 62976K, 0% used [0x0000000783600000,0x0000000783600000,0x0000000787380000)
 ParOldGen       total 235008K, used 144154K [0x00000006c0c00000, 0x00000006cf180000, 0x000000076af00000)
  object space 235008K, 61% used [0x00000006c0c00000,0x00000006c98c6b88,0x00000006cf180000)
 Metaspace       used 54961K, capacity 55867K, committed 56152K, reserved 1097728K
  class space    used 6999K, capacity 7228K, committed 7296K, reserved 1048576K
}

