# JRE version: Java(TM) SE Runtime Environment (8.0_202-b08) (build 1.8.0_202-b08)
# Java VM: Java HotSpot(TM) 64-Bit Server VM (25.202-b08 mixed mode windows-amd64 compressed oops)
Heap:
 PSYoungGen      total 553472K, used 464718K [0x000000076af00000, 0x0000000792000000, 0x00000007c0000000)
  eden space 467968K, 86% used [0x000000076af00000,0x0000000783864618,0x0000000787800000)
  from space 85504K, 72% used [0x0000000787800000,0x000000078b46f288,0x000000078cb80000)
  to   space 83968K, 0% used [0x000000078cb80000,0x000000078cb80000,0x0000000791d80000)
 ParOldGen       total 461824K, used 226460K [0x00000006c0c00000, 0x00000006dcf00000, 0x000000076af00000)
  object space 461824K, 49% used [0x00000006c0c00000,0x00000006ce9271a8,0x00000006dcf00000)
 Metaspace       used 62750K, capacity 63683K, committed 63960K, reserved 1105920K
  class space    used 7692K, capacity 7908K, committed 7936K, reserved 1048576K
GC Heap History (10 events):
Event: 358.947 GC heap before
{Heap before GC invocations=64 (full 11):
 PSYoungGen      total 537600K, used 519817K [0x000000076af00000, 0x0000000790900000, 0x00000007c0000000)
  eden space 466944K, 100% used [0x000000076af00000,0x0000000787700000,0x0000000787700000)
  from space 70656K, 74% used [0x000000078be80000,0x000000078f222698,0x0000000790380000)
  to   space 73216K, 0% used [0x0000000787700000,0x0000000787700000,0x000000078be80000)
 ParOldGen       total 461824K, used 226428K [0x00000006c0c00000, 0x00000006dcf00000, 0x000000076af00000)
  object space 461824K, 49% used [0x00000006c0c00000,0x00000006ce91f1a8,0x00000006dcf00000)
 Metaspace       used 62612K, capacity 63543K, committed 63960K, reserved 1105920K
  class space    used 7685K, capacity 7906K, committed 7936K, reserved 1048576K
Event: 358.957 GC heap after
Heap after GC invocations=64 (full 11):
 PSYoungGen      total 540160K, used 56672K [0x000000076af00000, 0x0000000791080000, 0x00000007c0000000)
  eden space 466944K, 0% used [0x000000076af00000,0x000000076af00000,0x0000000787700000)
  from space 73216K, 77% used [0x0000000787700000,0x000000078ae58128,0x000000078be80000)
  to   space 76800K, 0% used [0x000000078c580000,0x000000078c580000,0x0000000791080000)
 ParOldGen       total 461824K, used 226436K [0x00000006c0c00000, 0x00000006dcf00000, 0x000000076af00000)
  object space 461824K, 49% used [0x00000006c0c00000,0x00000006ce9211a8,0x00000006dcf00000)
 Metaspace       used 62612K, capacity 63543K, committed 63960K, reserved 1105920K
  class space    used 7685K, capacity 7906K, committed 7936K, reserved 1048576K
}
Event: 366.332 GC heap before
{Heap before GC invocations=65 (full 11):
 PSYoungGen      total 540160K, used 523616K [0x000000076af00000, 0x0000000791080000, 0x00000007c0000000)
  eden space 466944K, 100% used [0x000000076af00000,0x0000000787700000,0x0000000787700000)
  from space 73216K, 77% used [0x0000000787700000,0x000000078ae58128,0x000000078be80000)
  to   space 76800K, 0% used [0x000000078c580000,0x000000078c580000,0x0000000791080000)
 ParOldGen       total 461824K, used 226436K [0x00000006c0c00000, 0x00000006dcf00000, 0x000000076af00000)
  object space 461824K, 49% used [0x00000006c0c00000,0x00000006ce9211a8,0x00000006dcf00000)
 Metaspace       used 62697K, capacity 63619K, committed 63960K, reserved 1105920K
  class space    used 7692K, capacity 7908K, committed 7936K, reserved 1048576K
Event: 366.344 GC heap after
Heap after GC invocations=65 (full 11):
 PSYoungGen      total 543744K, used 63891K [0x000000076af00000, 0x0000000791080000, 0x00000007c0000000)
  eden space 466944K, 0% used [0x000000076af00000,0x000000076af00000,0x0000000787700000)
  from space 76800K, 83% used [0x000000078c580000,0x00000007903e4d70,0x0000000791080000)
  to   space 73216K, 0% used [0x0000000787700000,0x0000000787700000,0x000000078be80000)
 ParOldGen       total 461824K, used 226444K [0x00000006c0c00000, 0x00000006dcf00000, 0x000000076af00000)
  object space 461824K, 49% used [0x00000006c0c00000,0x00000006ce9231a8,0x00000006dcf00000)
 Metaspace       used 62697K, capacity 63619K, committed 63960K, reserved 1105920K
  class space    used 7692K, capacity 7908K, committed 7936K, reserved 1048576K
}
Event: 388.148 GC heap before
{Heap before GC invocations=66 (full 11):
 PSYoungGen      total 543744K, used 530835K [0x000000076af00000, 0x0000000791080000, 0x00000007c0000000)
  eden space 466944K, 100% used [0x000000076af00000,0x0000000787700000,0x0000000787700000)
  from space 76800K, 83% used [0x000000078c580000,0x00000007903e4d70,0x0000000791080000)
  to   space 73216K, 0% used [0x0000000787700000,0x0000000787700000,0x000000078be80000)
 ParOldGen       total 461824K, used 226444K [0x00000006c0c00000, 0x00000006dcf00000, 0x000000076af00000)
  object space 461824K, 49% used [0x00000006c0c00000,0x00000006ce9231a8,0x00000006dcf00000)
 Metaspace       used 62710K, capacity 63619K, committed 63960K, reserved 1105920K
  class space    used 7692K, capacity 7908K, committed 7936K, reserved 1048576K
Event: 388.160 GC heap after
Heap after GC invocations=66 (full 11):
 PSYoungGen      total 540160K, used 59286K [0x000000076af00000, 0x0000000791d80000, 0x00000007c0000000)
  eden space 466944K, 0% used [0x000000076af00000,0x000000076af00000,0x0000000787700000)
  from space 73216K, 80% used [0x0000000787700000,0x000000078b0e5aa8,0x000000078be80000)
  to   space 83968K, 0% used [0x000000078cb80000,0x000000078cb80000,0x0000000791d80000)
 ParOldGen       total 461824K, used 226444K [0x00000006c0c00000, 0x00000006dcf00000, 0x000000076af00000)
  object space 461824K, 49% used [0x00000006c0c00000,0x00000006ce9231a8,0x00000006dcf00000)
 Metaspace       used 62710K, capacity 63619K, committed 63960K, reserved 1105920K
  class space    used 7692K, capacity 7908K, committed 7936K, reserved 1048576K
}
Event: 410.468 GC heap before
{Heap before GC invocations=67 (full 11):
 PSYoungGen      total 540160K, used 526230K [0x000000076af00000, 0x0000000791d80000, 0x00000007c0000000)
  eden space 466944K, 100% used [0x000000076af00000,0x0000000787700000,0x0000000787700000)
  from space 73216K, 80% used [0x0000000787700000,0x000000078b0e5aa8,0x000000078be80000)
  to   space 83968K, 0% used [0x000000078cb80000,0x000000078cb80000,0x0000000791d80000)
 ParOldGen       total 461824K, used 226444K [0x00000006c0c00000, 0x00000006dcf00000, 0x000000076af00000)
  object space 461824K, 49% used [0x00000006c0c00000,0x00000006ce9231a8,0x00000006dcf00000)
 Metaspace       used 62725K, capacity 63619K, committed 63960K, reserved 1105920K
  class space    used 7692K, capacity 7908K, committed 7936K, reserved 1048576K
Event: 410.479 GC heap after
Heap after GC invocations=67 (full 11):
 PSYoungGen      total 551936K, used 59213K [0x000000076af00000, 0x0000000792000000, 0x00000007c0000000)
  eden space 467968K, 0% used [0x000000076af00000,0x000000076af00000,0x0000000787800000)
  from space 83968K, 70% used [0x000000078cb80000,0x0000000790553720,0x0000000791d80000)
  to   space 85504K, 0% used [0x0000000787800000,0x0000000787800000,0x000000078cb80000)
 ParOldGen       total 461824K, used 226452K [0x00000006c0c00000, 0x00000006dcf00000, 0x000000076af00000)
  object space 461824K, 49% used [0x00000006c0c00000,0x00000006ce9251a8,0x00000006dcf00000)
 Metaspace       used 62725K, capacity 63619K, committed 63960K, reserved 1105920K
  class space    used 7692K, capacity 7908K, committed 7936K, reserved 1048576K
}
Event: 419.848 GC heap before
{Heap before GC invocations=68 (full 11):
 PSYoungGen      total 551936K, used 527181K [0x000000076af00000, 0x0000000792000000, 0x00000007c0000000)
  eden space 467968K, 100% used [0x000000076af00000,0x0000000787800000,0x0000000787800000)
  from space 83968K, 70% used [0x000000078cb80000,0x0000000790553720,0x0000000791d80000)
  to   space 85504K, 0% used [0x0000000787800000,0x0000000787800000,0x000000078cb80000)
 ParOldGen       total 461824K, used 226452K [0x00000006c0c00000, 0x00000006dcf00000, 0x000000076af00000)
  object space 461824K, 49% used [0x00000006c0c00000,0x00000006ce9251a8,0x00000006dcf00000)
 Metaspace       used 62737K, capacity 63683K, committed 63960K, reserved 1105920K
  class space    used 7692K, capacity 7908K, committed 7936K, reserved 1048576K
Event: 419.860 GC heap after
Heap after GC invocations=68 (full 11):
 PSYoungGen      total 553472K, used 61884K [0x000000076af00000, 0x0000000792000000, 0x00000007c0000000)
  eden space 467968K, 0% used [0x000000076af00000,0x000000076af00000,0x0000000787800000)
  from space 85504K, 72% used [0x0000000787800000,0x000000078b46f288,0x000000078cb80000)
  to   space 83968K, 0% used [0x000000078cb80000,0x000000078cb80000,0x0000000791d80000)
 ParOldGen       total 461824K, used 226460K [0x00000006c0c00000, 0x00000006dcf00000, 0x000000076af00000)
  object space 461824K, 49% used [0x00000006c0c00000,0x00000006ce9271a8,0x00000006dcf00000)
 Metaspace       used 62737K, capacity 63683K, committed 63960K, reserved 1105920K
  class space    used 7692K, capacity 7908K, committed 7936K, reserved 1048576K
}

